0 info it worked if it ends with ok
1 verbose cli [ '/usr/local/opt/nvm/v0.10.32/bin/node',
1 verbose cli   '/usr/local/opt/nvm/v0.10.32/bin/npm',
1 verbose cli   'install',
1 verbose cli   '--save',
1 verbose cli   'libsass' ]
2 info using npm@1.4.28
3 info using node@v0.10.32
4 verbose node symlink /usr/local/opt/nvm/v0.10.32/bin/node
5 warn package.json final@1.0.0 No description
6 warn package.json final@1.0.0 No README data
7 verbose readDependencies using package.json deps
8 verbose cache add [ 'libsass', null ]
9 verbose cache add name=undefined spec="libsass" args=["libsass",null]
10 verbose parsed url { protocol: null,
10 verbose parsed url   slashes: null,
10 verbose parsed url   auth: null,
10 verbose parsed url   host: null,
10 verbose parsed url   port: null,
10 verbose parsed url   hostname: null,
10 verbose parsed url   hash: null,
10 verbose parsed url   search: null,
10 verbose parsed url   query: null,
10 verbose parsed url   pathname: 'libsass',
10 verbose parsed url   path: 'libsass',
10 verbose parsed url   href: 'libsass' }
11 silly lockFile bb93a93c-libsass libsass
12 verbose lock libsass /Users/AngelaDiaFazio/.npm/bb93a93c-libsass.lock
13 silly lockFile bb93a93c-libsass libsass
14 silly lockFile bb93a93c-libsass libsass
15 verbose addNamed [ 'libsass', '' ]
16 verbose addNamed [ null, '*' ]
17 silly lockFile f34f7d57-libsass libsass@
18 verbose lock libsass@ /Users/AngelaDiaFazio/.npm/f34f7d57-libsass.lock
19 silly addNameRange { name: 'libsass', range: '*', hasData: false }
20 verbose request where is /libsass
21 verbose request registry https://registry.npmjs.org/
22 verbose request id 2a84f49935e69c68
23 verbose url raw /libsass
24 verbose url resolving [ 'https://registry.npmjs.org/', './libsass' ]
25 verbose url resolved https://registry.npmjs.org/libsass
26 verbose request where is https://registry.npmjs.org/libsass
27 info trying registry request attempt 1 at 12:10:45
28 http GET https://registry.npmjs.org/libsass
29 http 404 https://registry.npmjs.org/libsass
30 verbose headers { date: 'Mon, 20 Oct 2014 19:10:46 GMT',
30 verbose headers   server: 'CouchDB/1.5.0 (Erlang OTP/R16B03)',
30 verbose headers   'content-type': 'application/json',
30 verbose headers   'cache-control': 'max-age=0',
30 verbose headers   'content-length': '52',
30 verbose headers   'accept-ranges': 'bytes',
30 verbose headers   via: '1.1 varnish',
30 verbose headers   age: '0',
30 verbose headers   'x-served-by': 'cache-sjc3123-SJC',
30 verbose headers   'x-cache': 'MISS',
30 verbose headers   'x-cache-hits': '0',
30 verbose headers   'x-timer': 'S1413832246.336164,VS0,VE38',
30 verbose headers   'keep-alive': 'timeout=10, max=50',
30 verbose headers   connection: 'Keep-Alive' }
31 silly registry.get cb [ 404,
31 silly registry.get   { date: 'Mon, 20 Oct 2014 19:10:46 GMT',
31 silly registry.get     server: 'CouchDB/1.5.0 (Erlang OTP/R16B03)',
31 silly registry.get     'content-type': 'application/json',
31 silly registry.get     'cache-control': 'max-age=0',
31 silly registry.get     'content-length': '52',
31 silly registry.get     'accept-ranges': 'bytes',
31 silly registry.get     via: '1.1 varnish',
31 silly registry.get     age: '0',
31 silly registry.get     'x-served-by': 'cache-sjc3123-SJC',
31 silly registry.get     'x-cache': 'MISS',
31 silly registry.get     'x-cache-hits': '0',
31 silly registry.get     'x-timer': 'S1413832246.336164,VS0,VE38',
31 silly registry.get     'keep-alive': 'timeout=10, max=50',
31 silly registry.get     connection: 'Keep-Alive' } ]
32 silly lockFile f34f7d57-libsass libsass@
33 silly lockFile f34f7d57-libsass libsass@
34 error 404 404 Not Found: libsass
34 error 404
34 error 404 'libsass' is not in the npm registry.
34 error 404 You should bug the author to publish it
34 error 404 It was specified as a dependency of 'final'
34 error 404
34 error 404 Note that you can also install from a
34 error 404 tarball, folder, or http url, or git url.
35 error System Darwin 13.1.0
36 error command "/usr/local/opt/nvm/v0.10.32/bin/node" "/usr/local/opt/nvm/v0.10.32/bin/npm" "install" "--save" "libsass"
37 error cwd /Users/AngelaDiaFazio/Desktop/Final
38 error node -v v0.10.32
39 error npm -v 1.4.28
40 error code E404
41 verbose exit [ 1, true ]
